2026-03-23 00:16:46.629 [restartedMain] INFO  b.c.d.m.ManicureApiApplication - Starting ManicureApiApplication using Java 21.0.10 with PID 28720 (C:\manicure-api\manicure-api\target\classes started by davis in C:\manicure-api)
2026-03-23 00:16:46.638 [restartedMain] DEBUG b.c.d.m.ManicureApiApplication - Running with Spring Boot v4.0.3, Spring v7.0.5
2026-03-23 00:16:46.640 [restartedMain] INFO  b.c.d.m.ManicureApiApplication - No active profile set, falling back to 1 default profile: "default"
2026-03-23 00:16:46.781 [restartedMain] INFO  o.s.b.d.e.DevToolsPropertyDefaultsPostProcessor - Devtools property defaults active! Set 'spring.devtools.add-properties' to 'false' to disable
2026-03-23 00:16:46.782 [restartedMain] INFO  o.s.b.d.e.DevToolsPropertyDefaultsPostProcessor - For additional web related logging consider setting the 'logging.level.web' property to 'DEBUG'
2026-03-23 00:16:47.597 [background-preinit] INFO  o.h.validator.internal.util.Version - HV000001: Hibernate Validator 9.0.1.Final
2026-03-23 00:16:49.185 [restartedMain] INFO  o.s.d.r.c.RepositoryConfigurationDelegate - Bootstrapping Spring Data JPA repositories in DEFAULT mode.
2026-03-23 00:16:49.322 [restartedMain] INFO  o.s.d.r.c.RepositoryConfigurationDelegate - Finished Spring Data repository scanning in 122 ms. Found 10 JPA repository interfaces.
2026-03-23 00:16:50.623 [restartedMain] INFO  o.s.boot.tomcat.TomcatWebServer - Tomcat initialized with port 8080 (http)
2026-03-23 00:16:50.652 [restartedMain] INFO  o.a.coyote.http11.Http11NioProtocol - Initializing ProtocolHandler ["http-nio-8080"]
2026-03-23 00:16:50.659 [restartedMain] INFO  o.a.catalina.core.StandardService - Starting service [Tomcat]
2026-03-23 00:16:50.659 [restartedMain] INFO  o.a.catalina.core.StandardEngine - Starting Servlet engine: [Apache Tomcat/11.0.18]
2026-03-23 00:16:50.871 [restartedMain] INFO  o.s.b.w.c.s.WebApplicationContextInitializer - Root WebApplicationContext: initialization completed in 4085 ms
2026-03-23 00:16:52.153 [restartedMain] INFO  com.zaxxer.hikari.HikariDataSource - HikariPool-1 - Starting...
2026-03-23 00:16:53.358 [restartedMain] WARN  o.s.b.w.s.s.c.AnnotationConfigServletWebServerApplicationContext - Exception encountered during context initialization - cancelling refresh attempt: org.springframework.beans.factory.BeanCreationException: Error creating bean with name 'entityManagerFactory' defined in class path resource [org/springframework/boot/hibernate/autoconfigure/HibernateJpaConfiguration.class]: Failed to initialize dependency 'flywayInitializer' of LoadTimeWeaverAware bean 'entityManagerFactory': Error creating bean with name 'flywayInitializer' defined in class path resource [org/springframework/boot/flyway/autoconfigure/FlywayAutoConfiguration$FlywayConfiguration.class]: Unable to obtain connection from database: Connection to localhost:5432 refused. Check that the hostname and port are correct and that the postmaster is accepting TCP/IP connections.
--------------------------------------------------------------------------------------------------------------------------------------------------------------------------------------
SQL State  : 08001
Error Code : 0
Message    : Connection to localhost:5432 refused. Check that the hostname and port are correct and that the postmaster is accepting TCP/IP connections.

2026-03-23 00:16:53.384 [restartedMain] INFO  o.a.catalina.core.StandardService - Stopping service [Tomcat]
2026-03-23 00:16:53.440 [restartedMain] INFO  o.s.b.a.l.ConditionEvaluationReportLogger - 

Error starting ApplicationContext. To display the condition evaluation report re-run your application with 'debug' enabled.
2026-03-23 00:16:53.814 [restartedMain] ERROR o.s.boot.SpringApplication - Application run failed
org.springframework.beans.factory.BeanCreationException: Error creating bean with name 'entityManagerFactory' defined in class path resource [org/springframework/boot/hibernate/autoconfigure/HibernateJpaConfiguration.class]: Failed to initialize dependency 'flywayInitializer' of LoadTimeWeaverAware bean 'entityManagerFactory': Error creating bean with name 'flywayInitializer' defined in class path resource [org/springframework/boot/flyway/autoconfigure/FlywayAutoConfiguration$FlywayConfiguration.class]: Unable to obtain connection from database: Connection to localhost:5432 refused. Check that the hostname and port are correct and that the postmaster is accepting TCP/IP connections.
--------------------------------------------------------------------------------------------------------------------------------------------------------------------------------------
SQL State  : 08001
Error Code : 0
Message    : Connection to localhost:5432 refused. Check that the hostname and port are correct and that the postmaster is accepting TCP/IP connections.

	at org.springframework.beans.factory.support.AbstractBeanFactory.doGetBean(AbstractBeanFactory.java:322)
	at org.springframework.beans.factory.support.AbstractBeanFactory.getBean(AbstractBeanFactory.java:201)
	at org.springframework.context.support.AbstractApplicationContext.finishBeanFactoryInitialization(AbstractApplicationContext.java:977)
	at org.springframework.context.support.AbstractApplicationContext.refresh(AbstractApplicationContext.java:621)
	at org.springframework.boot.web.server.servlet.context.ServletWebServerApplicationContext.refresh(ServletWebServerApplicationContext.java:143)
	at org.springframework.boot.SpringApplication.refresh(SpringApplication.java:756)
	at org.springframework.boot.SpringApplication.refreshContext(SpringApplication.java:445)
	at org.springframework.boot.SpringApplication.run(SpringApplication.java:321)
	at org.springframework.boot.SpringApplication.run(SpringApplication.java:1365)
	at org.springframework.boot.SpringApplication.run(SpringApplication.java:1354)
	at br.com.davidds5.manicure_api.ManicureApiApplication.main(ManicureApiApplication.java:10)
	at java.base/jdk.internal.reflect.DirectMethodHandleAccessor.invoke(DirectMethodHandleAccessor.java:103)
	at java.base/java.lang.reflect.Method.invoke(Method.java:580)
	at org.springframework.boot.devtools.restart.RestartLauncher.run(RestartLauncher.java:52)
Caused by: org.springframework.beans.factory.BeanCreationException: Error creating bean with name 'flywayInitializer' defined in class path resource [org/springframework/boot/flyway/autoconfigure/FlywayAutoConfiguration$FlywayConfiguration.class]: Unable to obtain connection from database: Connection to localhost:5432 refused. Check that the hostname and port are correct and that the postmaster is accepting TCP/IP connections.
--------------------------------------------------------------------------------------------------------------------------------------------------------------------------------------
SQL State  : 08001
Error Code : 0
Message    : Connection to localhost:5432 refused. Check that the hostname and port are correct and that the postmaster is accepting TCP/IP connections.

	at org.springframework.beans.factory.support.AbstractAutowireCapableBeanFactory.initializeBean(AbstractAutowireCapableBeanFactory.java:1817)
	at org.springframework.beans.factory.support.AbstractAutowireCapableBeanFactory.doCreateBean(AbstractAutowireCapableBeanFactory.java:603)
	at org.springframework.beans.factory.support.AbstractAutowireCapableBeanFactory.createBean(AbstractAutowireCapableBeanFactory.java:525)
	at org.springframework.beans.factory.support.AbstractBeanFactory.lambda$doGetBean$0(AbstractBeanFactory.java:333)
	at org.springframework.beans.factory.support.DefaultSingletonBeanRegistry.getSingleton(DefaultSingletonBeanRegistry.java:371)
	at org.springframework.beans.factory.support.AbstractBeanFactory.doGetBean(AbstractBeanFactory.java:331)
	at org.springframework.beans.factory.support.AbstractBeanFactory.getBean(AbstractBeanFactory.java:196)
	at org.springframework.beans.factory.support.AbstractBeanFactory.doGetBean(AbstractBeanFactory.java:309)
	... 13 common frames omitted
Caused by: org.flywaydb.core.internal.exception.sqlExceptions.FlywaySqlUnableToConnectToDbException: Unable to obtain connection from database: Connection to localhost:5432 refused. Check that the hostname and port are correct and that the postmaster is accepting TCP/IP connections.
--------------------------------------------------------------------------------------------------------------------------------------------------------------------------------------
SQL State  : 08001
Error Code : 0
Message    : Connection to localhost:5432 refused. Check that the hostname and port are correct and that the postmaster is accepting TCP/IP connections.

	at org.flywaydb.core.internal.jdbc.JdbcUtils.openConnection(JdbcUtils.java:70)
	at org.flywaydb.core.internal.jdbc.JdbcConnectionFactory.<init>(JdbcConnectionFactory.java:76)
	at org.flywaydb.core.FlywayExecutor.execute(FlywayExecutor.java:142)
	at org.flywaydb.core.Flyway.migrate(Flyway.java:186)
	at org.springframework.boot.flyway.autoconfigure.FlywayMigrationInitializer.afterPropertiesSet(FlywayMigrationInitializer.java:67)
	at org.springframework.beans.factory.support.AbstractAutowireCapableBeanFactory.invokeInitMethods(AbstractAutowireCapableBeanFactory.java:1864)
	at org.springframework.beans.factory.support.AbstractAutowireCapableBeanFactory.initializeBean(AbstractAutowireCapableBeanFactory.java:1813)
	... 20 common frames omitted
Caused by: org.postgresql.util.PSQLException: Connection to localhost:5432 refused. Check that the hostname and port are correct and that the postmaster is accepting TCP/IP connections.
	at org.postgresql.core.v3.ConnectionFactoryImpl.openConnectionImpl(ConnectionFactoryImpl.java:373)
	at org.postgresql.core.ConnectionFactory.openConnection(ConnectionFactory.java:57)
	at org.postgresql.jdbc.PgConnection.<init>(PgConnection.java:290)
	at org.postgresql.Driver.makeConnection(Driver.java:448)
	at org.postgresql.Driver.connect(Driver.java:298)
	at com.zaxxer.hikari.util.DriverDataSource.getConnection(DriverDataSource.java:144)
	at com.zaxxer.hikari.pool.PoolBase.newConnection(PoolBase.java:373)
	at com.zaxxer.hikari.pool.PoolBase.newPoolEntry(PoolBase.java:210)
	at com.zaxxer.hikari.pool.HikariPool.createPoolEntry(HikariPool.java:488)
	at com.zaxxer.hikari.pool.HikariPool.checkFailFast(HikariPool.java:576)
	at com.zaxxer.hikari.pool.HikariPool.<init>(HikariPool.java:97)
	at com.zaxxer.hikari.HikariDataSource.getConnection(HikariDataSource.java:111)
	at org.flywaydb.core.internal.jdbc.JdbcUtils.openConnection(JdbcUtils.java:65)
	... 26 common frames omitted
Caused by: java.net.ConnectException: Connection refused: getsockopt
	at java.base/sun.nio.ch.Net.pollConnect(Native Method)
	at java.base/sun.nio.ch.Net.pollConnectNow(Net.java:694)
	at java.base/sun.nio.ch.NioSocketImpl.timedFinishConnect(NioSocketImpl.java:542)
	at java.base/sun.nio.ch.NioSocketImpl.connect(NioSocketImpl.java:592)
	at java.base/java.net.SocksSocketImpl.connect(SocksSocketImpl.java:327)
	at java.base/java.net.Socket.connect(Socket.java:751)
	at org.postgresql.core.PGStream.createSocket(PGStream.java:261)
	at org.postgresql.core.PGStream.<init>(PGStream.java:122)
	at org.postgresql.core.v3.ConnectionFactoryImpl.tryConnect(ConnectionFactoryImpl.java:146)
	at org.postgresql.core.v3.ConnectionFactoryImpl.openConnectionImpl(ConnectionFactoryImpl.java:289)
	... 38 common frames omitted
2026-03-23 00:39:30.670 [restartedMain] INFO  b.c.d.m.ManicureApiApplication - Starting ManicureApiApplication using Java 21.0.10 with PID 34632 (C:\manicure-api\manicure-api\target\classes started by davis in C:\manicure-api)
2026-03-23 00:39:30.679 [restartedMain] DEBUG b.c.d.m.ManicureApiApplication - Running with Spring Boot v4.0.3, Spring v7.0.5
2026-03-23 00:39:30.685 [restartedMain] INFO  b.c.d.m.ManicureApiApplication - No active profile set, falling back to 1 default profile: "default"
2026-03-23 00:39:30.949 [restartedMain] INFO  o.s.b.d.e.DevToolsPropertyDefaultsPostProcessor - Devtools property defaults active! Set 'spring.devtools.add-properties' to 'false' to disable
2026-03-23 00:39:30.950 [restartedMain] INFO  o.s.b.d.e.DevToolsPropertyDefaultsPostProcessor - For additional web related logging consider setting the 'logging.level.web' property to 'DEBUG'
2026-03-23 00:39:31.952 [background-preinit] INFO  o.h.validator.internal.util.Version - HV000001: Hibernate Validator 9.0.1.Final
2026-03-23 00:39:33.034 [restartedMain] INFO  b.c.d.m.ManicureApiApplication - Starting ManicureApiApplication using Java 21.0.10 with PID 26972 (C:\manicure-api\manicure-api\target\classes started by davis in C:\manicure-api)
2026-03-23 00:39:33.040 [restartedMain] DEBUG b.c.d.m.ManicureApiApplication - Running with Spring Boot v4.0.3, Spring v7.0.5
2026-03-23 00:39:33.042 [restartedMain] INFO  b.c.d.m.ManicureApiApplication - No active profile set, falling back to 1 default profile: "default"
2026-03-23 00:39:33.181 [restartedMain] INFO  o.s.b.d.e.DevToolsPropertyDefaultsPostProcessor - Devtools property defaults active! Set 'spring.devtools.add-properties' to 'false' to disable
2026-03-23 00:39:33.182 [restartedMain] INFO  o.s.b.d.e.DevToolsPropertyDefaultsPostProcessor - For additional web related logging consider setting the 'logging.level.web' property to 'DEBUG'
2026-03-23 00:39:33.945 [restartedMain] INFO  o.s.d.r.c.RepositoryConfigurationDelegate - Bootstrapping Spring Data JPA repositories in DEFAULT mode.
2026-03-23 00:39:34.219 [background-preinit] INFO  o.h.validator.internal.util.Version - HV000001: Hibernate Validator 9.0.1.Final
2026-03-23 00:39:34.316 [restartedMain] INFO  o.s.d.r.c.RepositoryConfigurationDelegate - Finished Spring Data repository scanning in 336 ms. Found 10 JPA repository interfaces.
2026-03-23 00:39:35.581 [restartedMain] INFO  o.s.d.r.c.RepositoryConfigurationDelegate - Bootstrapping Spring Data JPA repositories in DEFAULT mode.
2026-03-23 00:39:35.818 [restartedMain] INFO  o.s.d.r.c.RepositoryConfigurationDelegate - Finished Spring Data repository scanning in 211 ms. Found 10 JPA repository interfaces.
2026-03-23 00:39:36.302 [restartedMain] INFO  o.s.boot.tomcat.TomcatWebServer - Tomcat initialized with port 8080 (http)
2026-03-23 00:39:36.338 [restartedMain] INFO  o.a.coyote.http11.Http11NioProtocol - Initializing ProtocolHandler ["http-nio-8080"]
2026-03-23 00:39:36.345 [restartedMain] INFO  o.a.catalina.core.StandardService - Starting service [Tomcat]
2026-03-23 00:39:36.347 [restartedMain] INFO  o.a.catalina.core.StandardEngine - Starting Servlet engine: [Apache Tomcat/11.0.18]
2026-03-23 00:39:36.507 [restartedMain] INFO  o.s.b.w.c.s.WebApplicationContextInitializer - Root WebApplicationContext: initialization completed in 5552 ms
2026-03-23 00:39:37.466 [restartedMain] INFO  com.zaxxer.hikari.HikariDataSource - HikariPool-1 - Starting...
2026-03-23 00:39:37.677 [restartedMain] INFO  o.s.boot.tomcat.TomcatWebServer - Tomcat initialized with port 8080 (http)
2026-03-23 00:39:37.885 [restartedMain] INFO  o.s.b.w.c.s.WebApplicationContextInitializer - Root WebApplicationContext: initialization completed in 4700 ms
2026-03-23 00:39:38.303 [restartedMain] INFO  com.zaxxer.hikari.pool.HikariPool - HikariPool-1 - Added connection org.postgresql.jdbc.PgConnection@506d424d
2026-03-23 00:39:38.307 [restartedMain] INFO  com.zaxxer.hikari.HikariDataSource - HikariPool-1 - Start completed.
2026-03-23 00:39:38.386 [restartedMain] INFO  org.flywaydb.core.FlywayExecutor - Database: jdbc:postgresql://localhost:5432/manicure_db (PostgreSQL 16.13)
2026-03-23 00:39:38.569 [restartedMain] INFO  o.f.core.internal.command.DbValidate - Successfully validated 6 migrations (execution time 00:00.097s)
2026-03-23 00:39:38.720 [restartedMain] INFO  o.f.core.internal.command.DbMigrate - Current version of schema "public": 6
2026-03-23 00:39:38.728 [restartedMain] INFO  o.f.core.internal.command.DbMigrate - Schema "public" is up to date. No migration necessary.
2026-03-23 00:39:38.786 [restartedMain] INFO  com.zaxxer.hikari.HikariDataSource - HikariPool-1 - Starting...
2026-03-23 00:39:39.061 [restartedMain] INFO  org.hibernate.orm.jpa - HHH008540: Processing PersistenceUnitInfo [name: default]
2026-03-23 00:39:39.238 [restartedMain] INFO  org.hibernate.orm.core - HHH000001: Hibernate ORM core version 7.2.4.Final
2026-03-23 00:39:39.516 [restartedMain] INFO  com.zaxxer.hikari.pool.HikariPool - HikariPool-1 - Added connection org.postgresql.jdbc.PgConnection@5fd9e3f5
2026-03-23 00:39:39.519 [restartedMain] INFO  com.zaxxer.hikari.HikariDataSource - HikariPool-1 - Start completed.
2026-03-23 00:39:39.581 [restartedMain] INFO  org.flywaydb.core.FlywayExecutor - Database: jdbc:postgresql://localhost:5432/manicure_db (PostgreSQL 16.13)
2026-03-23 00:39:39.729 [restartedMain] INFO  o.f.core.internal.command.DbValidate - Successfully validated 6 migrations (execution time 00:00.087s)
2026-03-23 00:39:40.073 [restartedMain] INFO  o.f.core.internal.command.DbMigrate - Current version of schema "public": 6
2026-03-23 00:39:40.084 [restartedMain] INFO  o.f.core.internal.command.DbMigrate - Schema "public" is up to date. No migration necessary.
2026-03-23 00:39:40.346 [restartedMain] INFO  org.hibernate.orm.jpa - HHH008540: Processing PersistenceUnitInfo [name: default]
2026-03-23 00:39:40.531 [restartedMain] INFO  org.hibernate.orm.core - HHH000001: Hibernate ORM core version 7.2.4.Final
2026-03-23 00:39:40.911 [restartedMain] INFO  o.s.o.j.p.SpringPersistenceUnitInfo - No LoadTimeWeaver setup: ignoring JPA class transformer
2026-03-23 00:39:41.068 [restartedMain] WARN  org.hibernate.orm.deprecation - HHH90000025: PostgreSQLDialect does not need to be specified explicitly using 'hibernate.dialect' (remove the property setting and it will be selected by default)
2026-03-23 00:39:41.122 [restartedMain] INFO  o.hibernate.orm.connections.pooling - HHH10001005: Database info:
	Database JDBC URL [jdbc:postgresql://localhost:5432/manicure_db]
	Database driver: PostgreSQL JDBC Driver
	Database dialect: PostgreSQLDialect
	Database version: 16.13
	Default catalog/schema: manicure_db/public
	Autocommit mode: undefined/unknown
	Isolation level: READ_COMMITTED [default READ_COMMITTED]
	JDBC fetch size: none
	Pool: DataSourceConnectionProvider
	Minimum pool size: undefined/unknown
	Maximum pool size: undefined/unknown
2026-03-23 00:39:41.638 [restartedMain] INFO  o.s.o.j.p.SpringPersistenceUnitInfo - No LoadTimeWeaver setup: ignoring JPA class transformer
2026-03-23 00:39:41.753 [restartedMain] WARN  org.hibernate.orm.deprecation - HHH90000025: PostgreSQLDialect does not need to be specified explicitly using 'hibernate.dialect' (remove the property setting and it will be selected by default)
2026-03-23 00:39:41.796 [restartedMain] INFO  o.hibernate.orm.connections.pooling - HHH10001005: Database info:
	Database JDBC URL [jdbc:postgresql://localhost:5432/manicure_db]
	Database driver: PostgreSQL JDBC Driver
	Database dialect: PostgreSQLDialect
	Database version: 16.13
	Default catalog/schema: manicure_db/public
	Autocommit mode: undefined/unknown
	Isolation level: READ_COMMITTED [default READ_COMMITTED]
	JDBC fetch size: none
	Pool: DataSourceConnectionProvider
	Minimum pool size: undefined/unknown
	Maximum pool size: undefined/unknown
2026-03-23 00:39:43.132 [restartedMain] INFO  org.hibernate.orm.core - HHH000489: No JTA platform available (set 'hibernate.transaction.jta.platform' to enable JTA platform integration)
2026-03-23 00:39:43.203 [restartedMain] INFO  o.s.o.j.LocalContainerEntityManagerFactoryBean - Initialized JPA EntityManagerFactory for persistence unit 'default'
2026-03-23 00:39:43.357 [restartedMain] INFO  o.s.d.j.r.q.QueryEnhancerFactories - Hibernate is in classpath; If applicable, HQL parser will be used.
2026-03-23 00:39:43.581 [restartedMain] INFO  org.hibernate.orm.core - HHH000489: No JTA platform available (set 'hibernate.transaction.jta.platform' to enable JTA platform integration)
2026-03-23 00:39:43.646 [restartedMain] INFO  o.s.o.j.LocalContainerEntityManagerFactoryBean - Initialized JPA EntityManagerFactory for persistence unit 'default'
2026-03-23 00:39:43.778 [restartedMain] INFO  o.s.d.j.r.q.QueryEnhancerFactories - Hibernate is in classpath; If applicable, HQL parser will be used.
2026-03-23 00:39:45.134 [restartedMain] WARN  o.s.b.j.a.JpaBaseConfiguration$JpaWebConfiguration - spring.jpa.open-in-view is enabled by default. Therefore, database queries may be performed during view rendering. Explicitly configure spring.jpa.open-in-view to disable this warning
2026-03-23 00:39:45.691 [restartedMain] WARN  o.s.b.j.a.JpaBaseConfiguration$JpaWebConfiguration - spring.jpa.open-in-view is enabled by default. Therefore, database queries may be performed during view rendering. Explicitly configure spring.jpa.open-in-view to disable this warning
2026-03-23 00:39:46.713 [restartedMain] INFO  o.a.coyote.http11.Http11NioProtocol - Starting ProtocolHandler ["http-nio-8080"]
2026-03-23 00:39:46.732 [restartedMain] WARN  o.s.b.w.s.s.c.AnnotationConfigServletWebServerApplicationContext - Exception encountered during context initialization - cancelling refresh attempt: org.springframework.context.ApplicationContextException: Failed to start bean 'webServerStartStop'
2026-03-23 00:39:46.737 [restartedMain] INFO  o.s.o.j.LocalContainerEntityManagerFactoryBean - Closing JPA EntityManagerFactory for persistence unit 'default'
2026-03-23 00:39:46.747 [restartedMain] INFO  com.zaxxer.hikari.HikariDataSource - HikariPool-1 - Shutdown initiated...
2026-03-23 00:39:46.778 [restartedMain] INFO  com.zaxxer.hikari.HikariDataSource - HikariPool-1 - Shutdown completed.
2026-03-23 00:39:46.812 [restartedMain] INFO  o.s.b.a.l.ConditionEvaluationReportLogger - 

Error starting ApplicationContext. To display the condition evaluation report re-run your application with 'debug' enabled.
2026-03-23 00:39:46.866 [restartedMain] ERROR o.s.b.d.LoggingFailureAnalysisReporter - 

***************************
APPLICATION FAILED TO START
***************************

Description:

Web server failed to start. Port 8080 was already in use.

Action:

Identify and stop the process that's listening on port 8080 or configure this application to listen on another port.

2026-03-23 00:39:47.121 [restartedMain] WARN  o.s.b.w.s.s.c.AnnotationConfigServletWebServerApplicationContext - Exception encountered during context initialization - cancelling refresh attempt: org.springframework.context.ApplicationContextException: Failed to start bean 'webServerStartStop'
2026-03-23 00:39:47.130 [restartedMain] INFO  o.s.o.j.LocalContainerEntityManagerFactoryBean - Closing JPA EntityManagerFactory for persistence unit 'default'
2026-03-23 00:39:47.137 [restartedMain] INFO  com.zaxxer.hikari.HikariDataSource - HikariPool-1 - Shutdown initiated...
2026-03-23 00:39:47.146 [restartedMain] INFO  com.zaxxer.hikari.HikariDataSource - HikariPool-1 - Shutdown completed.
2026-03-23 09:54:19.895 [restartedMain] INFO  b.c.d.m.ManicureApiApplication - Starting ManicureApiApplication using Java 21.0.10 with PID 26824 (C:\manicure-api\manicure-api\target\classes started by davis in C:\manicure-api)
2026-03-23 09:54:19.899 [restartedMain] DEBUG b.c.d.m.ManicureApiApplication - Running with Spring Boot v4.0.3, Spring v7.0.5
2026-03-23 09:54:19.901 [restartedMain] INFO  b.c.d.m.ManicureApiApplication - No active profile set, falling back to 1 default profile: "default"
2026-03-23 09:54:20.026 [restartedMain] INFO  o.s.b.d.e.DevToolsPropertyDefaultsPostProcessor - Devtools property defaults active! Set 'spring.devtools.add-properties' to 'false' to disable
2026-03-23 09:54:20.027 [restartedMain] INFO  o.s.b.d.e.DevToolsPropertyDefaultsPostProcessor - For additional web related logging consider setting the 'logging.level.web' property to 'DEBUG'
2026-03-23 09:54:20.789 [background-preinit] INFO  o.h.validator.internal.util.Version - HV000001: Hibernate Validator 9.0.1.Final
2026-03-23 09:54:22.182 [restartedMain] INFO  o.s.d.r.c.RepositoryConfigurationDelegate - Bootstrapping Spring Data JPA repositories in DEFAULT mode.
2026-03-23 09:54:22.378 [restartedMain] INFO  o.s.d.r.c.RepositoryConfigurationDelegate - Finished Spring Data repository scanning in 169 ms. Found 10 JPA repository interfaces.
2026-03-23 09:54:23.796 [restartedMain] INFO  o.s.boot.tomcat.TomcatWebServer - Tomcat initialized with port 8080 (http)
2026-03-23 09:54:23.827 [restartedMain] INFO  o.a.coyote.http11.Http11NioProtocol - Initializing ProtocolHandler ["http-nio-8080"]
2026-03-23 09:54:23.832 [restartedMain] INFO  o.a.catalina.core.StandardService - Starting service [Tomcat]
2026-03-23 09:54:23.833 [restartedMain] INFO  o.a.catalina.core.StandardEngine - Starting Servlet engine: [Apache Tomcat/11.0.18]
2026-03-23 09:54:24.002 [restartedMain] INFO  o.s.b.w.c.s.WebApplicationContextInitializer - Root WebApplicationContext: initialization completed in 3973 ms
2026-03-23 09:54:24.811 [restartedMain] INFO  com.zaxxer.hikari.HikariDataSource - HikariPool-1 - Starting...
2026-03-23 09:54:25.325 [restartedMain] INFO  com.zaxxer.hikari.pool.HikariPool - HikariPool-1 - Added connection org.postgresql.jdbc.PgConnection@731ae364
2026-03-23 09:54:25.328 [restartedMain] INFO  com.zaxxer.hikari.HikariDataSource - HikariPool-1 - Start completed.
2026-03-23 09:54:25.376 [restartedMain] INFO  org.flywaydb.core.FlywayExecutor - Database: jdbc:postgresql://localhost:5432/manicure_db (PostgreSQL 16.13)
2026-03-23 09:54:25.508 [restartedMain] INFO  o.f.core.internal.command.DbValidate - Successfully validated 6 migrations (execution time 00:00.081s)
2026-03-23 09:54:25.663 [restartedMain] INFO  o.f.core.internal.command.DbMigrate - Current version of schema "public": 6
2026-03-23 09:54:25.669 [restartedMain] INFO  o.f.core.internal.command.DbMigrate - Schema "public" is up to date. No migration necessary.
2026-03-23 09:54:25.880 [restartedMain] INFO  org.hibernate.orm.jpa - HHH008540: Processing PersistenceUnitInfo [name: default]
2026-03-23 09:54:26.058 [restartedMain] INFO  org.hibernate.orm.core - HHH000001: Hibernate ORM core version 7.2.4.Final
2026-03-23 09:54:27.089 [restartedMain] INFO  o.s.o.j.p.SpringPersistenceUnitInfo - No LoadTimeWeaver setup: ignoring JPA class transformer
2026-03-23 09:54:27.234 [restartedMain] WARN  org.hibernate.orm.deprecation - HHH90000025: PostgreSQLDialect does not need to be specified explicitly using 'hibernate.dialect' (remove the property setting and it will be selected by default)
2026-03-23 09:54:27.278 [restartedMain] INFO  o.hibernate.orm.connections.pooling - HHH10001005: Database info:
	Database JDBC URL [jdbc:postgresql://localhost:5432/manicure_db]
	Database driver: PostgreSQL JDBC Driver
	Database dialect: PostgreSQLDialect
	Database version: 16.13
	Default catalog/schema: manicure_db/public
	Autocommit mode: undefined/unknown
	Isolation level: READ_COMMITTED [default READ_COMMITTED]
	JDBC fetch size: none
	Pool: DataSourceConnectionProvider
	Minimum pool size: undefined/unknown
	Maximum pool size: undefined/unknown
2026-03-23 09:54:28.979 [restartedMain] INFO  org.hibernate.orm.core - HHH000489: No JTA platform available (set 'hibernate.transaction.jta.platform' to enable JTA platform integration)
2026-03-23 09:54:29.063 [restartedMain] INFO  o.s.o.j.LocalContainerEntityManagerFactoryBean - Initialized JPA EntityManagerFactory for persistence unit 'default'
2026-03-23 09:54:29.202 [restartedMain] INFO  o.s.d.j.r.q.QueryEnhancerFactories - Hibernate is in classpath; If applicable, HQL parser will be used.
2026-03-23 09:54:31.034 [restartedMain] WARN  o.s.b.j.a.JpaBaseConfiguration$JpaWebConfiguration - spring.jpa.open-in-view is enabled by default. Therefore, database queries may be performed during view rendering. Explicitly configure spring.jpa.open-in-view to disable this warning
2026-03-23 09:54:32.398 [restartedMain] INFO  o.a.coyote.http11.Http11NioProtocol - Starting ProtocolHandler ["http-nio-8080"]
2026-03-23 09:54:32.415 [restartedMain] WARN  o.s.b.w.s.s.c.AnnotationConfigServletWebServerApplicationContext - Exception encountered during context initialization - cancelling refresh attempt: org.springframework.context.ApplicationContextException: Failed to start bean 'webServerStartStop'
2026-03-23 09:54:32.418 [restartedMain] INFO  o.s.o.j.LocalContainerEntityManagerFactoryBean - Closing JPA EntityManagerFactory for persistence unit 'default'
2026-03-23 09:54:32.425 [restartedMain] INFO  com.zaxxer.hikari.HikariDataSource - HikariPool-1 - Shutdown initiated...
2026-03-23 09:54:32.448 [restartedMain] INFO  com.zaxxer.hikari.HikariDataSource - HikariPool-1 - Shutdown completed.
2026-03-23 09:54:32.473 [restartedMain] INFO  o.s.b.a.l.ConditionEvaluationReportLogger - 

Error starting ApplicationContext. To display the condition evaluation report re-run your application with 'debug' enabled.
2026-03-23 09:54:32.511 [restartedMain] ERROR o.s.b.d.LoggingFailureAnalysisReporter - 

***************************
APPLICATION FAILED TO START
***************************

Description:

Web server failed to start. Port 8080 was already in use.

Action:

Identify and stop the process that's listening on port 8080 or configure this application to listen on another port.

2026-03-23 09:55:01.616 [restartedMain] INFO  b.c.d.m.ManicureApiApplication - Starting ManicureApiApplication using Java 21.0.10 with PID 24252 (C:\manicure-api\manicure-api\target\classes started by davis in C:\manicure-api)
2026-03-23 09:55:01.622 [restartedMain] DEBUG b.c.d.m.ManicureApiApplication - Running with Spring Boot v4.0.3, Spring v7.0.5
2026-03-23 09:55:01.624 [restartedMain] INFO  b.c.d.m.ManicureApiApplication - No active profile set, falling back to 1 default profile: "default"
2026-03-23 09:55:01.760 [restartedMain] INFO  o.s.b.d.e.DevToolsPropertyDefaultsPostProcessor - Devtools property defaults active! Set 'spring.devtools.add-properties' to 'false' to disable
2026-03-23 09:55:01.760 [restartedMain] INFO  o.s.b.d.e.DevToolsPropertyDefaultsPostProcessor - For additional web related logging consider setting the 'logging.level.web' property to 'DEBUG'
2026-03-23 09:55:02.527 [background-preinit] INFO  o.h.validator.internal.util.Version - HV000001: Hibernate Validator 9.0.1.Final
2026-03-23 09:55:03.860 [restartedMain] INFO  o.s.d.r.c.RepositoryConfigurationDelegate - Bootstrapping Spring Data JPA repositories in DEFAULT mode.
2026-03-23 09:55:04.034 [restartedMain] INFO  o.s.d.r.c.RepositoryConfigurationDelegate - Finished Spring Data repository scanning in 151 ms. Found 10 JPA repository interfaces.
2026-03-23 09:55:05.615 [restartedMain] INFO  o.s.boot.tomcat.TomcatWebServer - Tomcat initialized with port 8080 (http)
2026-03-23 09:55:05.645 [restartedMain] INFO  o.a.coyote.http11.Http11NioProtocol - Initializing ProtocolHandler ["http-nio-8080"]
2026-03-23 09:55:05.650 [restartedMain] INFO  o.a.catalina.core.StandardService - Starting service [Tomcat]
2026-03-23 09:55:05.650 [restartedMain] INFO  o.a.catalina.core.StandardEngine - Starting Servlet engine: [Apache Tomcat/11.0.18]
2026-03-23 09:55:05.784 [restartedMain] INFO  o.s.b.w.c.s.WebApplicationContextInitializer - Root WebApplicationContext: initialization completed in 4022 ms
2026-03-23 09:55:06.592 [restartedMain] INFO  com.zaxxer.hikari.HikariDataSource - HikariPool-1 - Starting...
2026-03-23 09:55:07.881 [restartedMain] INFO  com.zaxxer.hikari.pool.HikariPool - HikariPool-1 - Added connection org.postgresql.jdbc.PgConnection@614b6418
2026-03-23 09:55:07.886 [restartedMain] INFO  com.zaxxer.hikari.HikariDataSource - HikariPool-1 - Start completed.
2026-03-23 09:55:07.951 [restartedMain] INFO  org.flywaydb.core.FlywayExecutor - Database: jdbc:postgresql://localhost:5432/manicure_db (PostgreSQL 16.13)
2026-03-23 09:55:08.110 [restartedMain] INFO  o.f.core.internal.command.DbValidate - Successfully validated 6 migrations (execution time 00:00.088s)
2026-03-23 09:55:08.269 [restartedMain] INFO  o.f.core.internal.command.DbMigrate - Current version of schema "public": 6
2026-03-23 09:55:08.280 [restartedMain] INFO  o.f.core.internal.command.DbMigrate - Schema "public" is up to date. No migration necessary.
2026-03-23 09:55:08.534 [restartedMain] INFO  org.hibernate.orm.jpa - HHH008540: Processing PersistenceUnitInfo [name: default]
2026-03-23 09:55:08.697 [restartedMain] INFO  org.hibernate.orm.core - HHH000001: Hibernate ORM core version 7.2.4.Final
2026-03-23 09:55:10.204 [restartedMain] INFO  o.s.o.j.p.SpringPersistenceUnitInfo - No LoadTimeWeaver setup: ignoring JPA class transformer
2026-03-23 09:55:10.338 [restartedMain] WARN  org.hibernate.orm.deprecation - HHH90000025: PostgreSQLDialect does not need to be specified explicitly using 'hibernate.dialect' (remove the property setting and it will be selected by default)
2026-03-23 09:55:10.371 [restartedMain] INFO  o.hibernate.orm.connections.pooling - HHH10001005: Database info:
	Database JDBC URL [jdbc:postgresql://localhost:5432/manicure_db]
	Database driver: PostgreSQL JDBC Driver
	Database dialect: PostgreSQLDialect
	Database version: 16.13
	Default catalog/schema: manicure_db/public
	Autocommit mode: undefined/unknown
	Isolation level: READ_COMMITTED [default READ_COMMITTED]
	JDBC fetch size: none
	Pool: DataSourceConnectionProvider
	Minimum pool size: undefined/unknown
	Maximum pool size: undefined/unknown
2026-03-23 09:55:12.497 [restartedMain] INFO  org.hibernate.orm.core - HHH000489: No JTA platform available (set 'hibernate.transaction.jta.platform' to enable JTA platform integration)
2026-03-23 09:55:12.626 [restartedMain] INFO  o.s.o.j.LocalContainerEntityManagerFactoryBean - Initialized JPA EntityManagerFactory for persistence unit 'default'
2026-03-23 09:55:12.881 [restartedMain] INFO  o.s.d.j.r.q.QueryEnhancerFactories - Hibernate is in classpath; If applicable, HQL parser will be used.
2026-03-23 09:55:15.202 [restartedMain] WARN  o.s.b.j.a.JpaBaseConfiguration$JpaWebConfiguration - spring.jpa.open-in-view is enabled by default. Therefore, database queries may be performed during view rendering. Explicitly configure spring.jpa.open-in-view to disable this warning
2026-03-23 09:55:16.785 [restartedMain] INFO  o.a.coyote.http11.Http11NioProtocol - Starting ProtocolHandler ["http-nio-8080"]
2026-03-23 09:55:16.799 [restartedMain] WARN  o.s.b.w.s.s.c.AnnotationConfigServletWebServerApplicationContext - Exception encountered during context initialization - cancelling refresh attempt: org.springframework.context.ApplicationContextException: Failed to start bean 'webServerStartStop'
2026-03-23 09:55:16.802 [restartedMain] INFO  o.s.o.j.LocalContainerEntityManagerFactoryBean - Closing JPA EntityManagerFactory for persistence unit 'default'
2026-03-23 09:55:16.809 [restartedMain] INFO  com.zaxxer.hikari.HikariDataSource - HikariPool-1 - Shutdown initiated...
2026-03-23 09:55:16.830 [restartedMain] INFO  com.zaxxer.hikari.HikariDataSource - HikariPool-1 - Shutdown completed.
2026-03-23 09:55:16.857 [restartedMain] INFO  o.s.b.a.l.ConditionEvaluationReportLogger - 

Error starting ApplicationContext. To display the condition evaluation report re-run your application with 'debug' enabled.
2026-03-23 09:55:16.899 [restartedMain] ERROR o.s.b.d.LoggingFailureAnalysisReporter - 

***************************
APPLICATION FAILED TO START
***************************

Description:

Web server failed to start. Port 8080 was already in use.

Action:

Identify and stop the process that's listening on port 8080 or configure this application to listen on another port.

2026-03-23 09:57:21.290 [restartedMain] INFO  b.c.d.m.ManicureApiApplication - Starting ManicureApiApplication using Java 21.0.10 with PID 36300 (C:\manicure-api\manicure-api\target\classes started by davis in C:\manicure-api)
2026-03-23 09:57:21.297 [restartedMain] DEBUG b.c.d.m.ManicureApiApplication - Running with Spring Boot v4.0.3, Spring v7.0.5
2026-03-23 09:57:21.298 [restartedMain] INFO  b.c.d.m.ManicureApiApplication - No active profile set, falling back to 1 default profile: "default"
2026-03-23 09:57:21.416 [restartedMain] INFO  o.s.b.d.e.DevToolsPropertyDefaultsPostProcessor - Devtools property defaults active! Set 'spring.devtools.add-properties' to 'false' to disable
2026-03-23 09:57:21.416 [restartedMain] INFO  o.s.b.d.e.DevToolsPropertyDefaultsPostProcessor - For additional web related logging consider setting the 'logging.level.web' property to 'DEBUG'
2026-03-23 09:57:22.067 [background-preinit] INFO  o.h.validator.internal.util.Version - HV000001: Hibernate Validator 9.0.1.Final
2026-03-23 09:57:23.093 [restartedMain] INFO  o.s.d.r.c.RepositoryConfigurationDelegate - Bootstrapping Spring Data JPA repositories in DEFAULT mode.
2026-03-23 09:57:23.222 [restartedMain] INFO  o.s.d.r.c.RepositoryConfigurationDelegate - Finished Spring Data repository scanning in 114 ms. Found 10 JPA repository interfaces.
2026-03-23 09:57:24.329 [restartedMain] INFO  o.s.boot.tomcat.TomcatWebServer - Tomcat initialized with port 8080 (http)
2026-03-23 09:57:24.355 [restartedMain] INFO  o.a.coyote.http11.Http11NioProtocol - Initializing ProtocolHandler ["http-nio-8080"]
2026-03-23 09:57:24.361 [restartedMain] INFO  o.a.catalina.core.StandardService - Starting service [Tomcat]
2026-03-23 09:57:24.361 [restartedMain] INFO  o.a.catalina.core.StandardEngine - Starting Servlet engine: [Apache Tomcat/11.0.18]
2026-03-23 09:57:24.484 [restartedMain] INFO  o.s.b.w.c.s.WebApplicationContextInitializer - Root WebApplicationContext: initialization completed in 3063 ms
2026-03-23 09:57:25.096 [restartedMain] INFO  com.zaxxer.hikari.HikariDataSource - HikariPool-1 - Starting...
2026-03-23 09:57:25.566 [restartedMain] INFO  com.zaxxer.hikari.pool.HikariPool - HikariPool-1 - Added connection org.postgresql.jdbc.PgConnection@6f7fcbba
2026-03-23 09:57:25.569 [restartedMain] INFO  com.zaxxer.hikari.HikariDataSource - HikariPool-1 - Start completed.
2026-03-23 09:57:25.617 [restartedMain] INFO  org.flywaydb.core.FlywayExecutor - Database: jdbc:postgresql://localhost:5432/manicure_db (PostgreSQL 16.13)
2026-03-23 09:57:25.724 [restartedMain] INFO  o.f.core.internal.command.DbValidate - Successfully validated 6 migrations (execution time 00:00.064s)
2026-03-23 09:57:25.935 [restartedMain] INFO  o.f.core.internal.command.DbMigrate - Current version of schema "public": 6
2026-03-23 09:57:25.942 [restartedMain] INFO  o.f.core.internal.command.DbMigrate - Schema "public" is up to date. No migration necessary.
2026-03-23 09:57:26.098 [restartedMain] INFO  org.hibernate.orm.jpa - HHH008540: Processing PersistenceUnitInfo [name: default]
2026-03-23 09:57:26.222 [restartedMain] INFO  org.hibernate.orm.core - HHH000001: Hibernate ORM core version 7.2.4.Final
2026-03-23 09:57:27.075 [restartedMain] INFO  o.s.o.j.p.SpringPersistenceUnitInfo - No LoadTimeWeaver setup: ignoring JPA class transformer
2026-03-23 09:57:27.175 [restartedMain] WARN  org.hibernate.orm.deprecation - HHH90000025: PostgreSQLDialect does not need to be specified explicitly using 'hibernate.dialect' (remove the property setting and it will be selected by default)
2026-03-23 09:57:27.208 [restartedMain] INFO  o.hibernate.orm.connections.pooling - HHH10001005: Database info:
	Database JDBC URL [jdbc:postgresql://localhost:5432/manicure_db]
	Database driver: PostgreSQL JDBC Driver
	Database dialect: PostgreSQLDialect
	Database version: 16.13
	Default catalog/schema: manicure_db/public
	Autocommit mode: undefined/unknown
	Isolation level: READ_COMMITTED [default READ_COMMITTED]
	JDBC fetch size: none
	Pool: DataSourceConnectionProvider
	Minimum pool size: undefined/unknown
	Maximum pool size: undefined/unknown
2026-03-23 09:57:28.807 [restartedMain] INFO  org.hibernate.orm.core - HHH000489: No JTA platform available (set 'hibernate.transaction.jta.platform' to enable JTA platform integration)
2026-03-23 09:57:28.874 [restartedMain] INFO  o.s.o.j.LocalContainerEntityManagerFactoryBean - Initialized JPA EntityManagerFactory for persistence unit 'default'
2026-03-23 09:57:28.998 [restartedMain] INFO  o.s.d.j.r.q.QueryEnhancerFactories - Hibernate is in classpath; If applicable, HQL parser will be used.
2026-03-23 09:57:30.672 [restartedMain] WARN  o.s.b.j.a.JpaBaseConfiguration$JpaWebConfiguration - spring.jpa.open-in-view is enabled by default. Therefore, database queries may be performed during view rendering. Explicitly configure spring.jpa.open-in-view to disable this warning
2026-03-23 09:57:32.013 [restartedMain] INFO  o.a.coyote.http11.Http11NioProtocol - Starting ProtocolHandler ["http-nio-8080"]
2026-03-23 09:57:32.072 [restartedMain] INFO  o.s.boot.tomcat.TomcatWebServer - Tomcat started on port 8080 (http) with context path '/'
2026-03-23 09:57:32.082 [restartedMain] INFO  b.c.d.m.ManicureApiApplication - Started ManicureApiApplication in 11.95 seconds (process running for 13.266)
2026-03-23 09:59:34.720 [http-nio-8080-exec-1] INFO  o.a.c.c.C.[Tomcat].[localhost].[/] - Initializing Spring DispatcherServlet 'dispatcherServlet'
2026-03-23 09:59:34.721 [http-nio-8080-exec-1] INFO  o.s.web.servlet.DispatcherServlet - Initializing Servlet 'dispatcherServlet'
2026-03-23 09:59:34.722 [http-nio-8080-exec-1] INFO  o.s.web.servlet.DispatcherServlet - Completed initialization in 1 ms
2026-03-23 09:59:34.816 [http-nio-8080-exec-1] INFO  b.c.d.m.service.ClientService - Listando clientes
2026-03-23 09:59:34.919 [http-nio-8080-exec-1] DEBUG org.hibernate.SQL - 
    select
        ce1_0.id,
        ce1_0.created_at,
        ce1_0.email,
        ce1_0.name,
        ce1_0.phone 
    from
        clients ce1_0 
    offset
        ? rows 
    fetch
        first ? rows only
2026-03-23 09:59:35.044 [http-nio-8080-exec-1] WARN  o.s.d.w.c.SpringDataJackson3Configuration$PageModule$WarningLoggingModifier - Serializing PageImpl instances as-is is not supported, meaning that there is no guarantee about the stability of the resulting JSON structure!
	For a stable JSON structure, please use Spring Data's PagedModel (globally via @EnableSpringDataWebSupport(pageSerializationMode = VIA_DTO))
	or Spring HATEOAS and Spring Data's PagedResourcesAssembler as documented in https://docs.spring.io/spring-data/commons/reference/repositories/core-extensions.html#core.web.pageables.

2026-03-23 09:59:35.233 [http-nio-8080-exec-2] INFO  b.c.d.m.service.ClientService - Listando clientes
2026-03-23 09:59:35.235 [http-nio-8080-exec-2] DEBUG org.hibernate.SQL - 
    select
        ce1_0.id,
        ce1_0.created_at,
        ce1_0.email,
        ce1_0.name,
        ce1_0.phone 
    from
        clients ce1_0 
    offset
        ? rows 
    fetch
        first ? rows only
2026-03-23 09:59:49.726 [http-nio-8080-exec-5] INFO  b.c.d.m.service.ClientService - Listando clientes
2026-03-23 09:59:49.728 [http-nio-8080-exec-5] DEBUG org.hibernate.SQL - 
    select
        ce1_0.id,
        ce1_0.created_at,
        ce1_0.email,
        ce1_0.name,
        ce1_0.phone 
    from
        clients ce1_0 
    offset
        ? rows 
    fetch
        first ? rows only
2026-03-23 10:01:15.179 [http-nio-8080-exec-8] INFO  b.c.d.m.service.ClientService - Listando clientes
2026-03-23 10:01:15.181 [http-nio-8080-exec-8] DEBUG org.hibernate.SQL - 
    select
        ce1_0.id,
        ce1_0.created_at,
        ce1_0.email,
        ce1_0.name,
        ce1_0.phone 
    from
        clients ce1_0 
    offset
        ? rows 
    fetch
        first ? rows only
2026-03-23 10:03:05.724 [http-nio-8080-exec-1] INFO  b.c.d.m.service.ClientService - Criando novo cliente: joao.silva@example.com
2026-03-23 10:03:05.810 [http-nio-8080-exec-1] DEBUG org.hibernate.SQL - 
    select
        ce1_0.id,
        ce1_0.created_at,
        ce1_0.email,
        ce1_0.name,
        ce1_0.phone 
    from
        clients ce1_0 
    where
        ce1_0.email=?
2026-03-23 10:03:05.863 [http-nio-8080-exec-1] DEBUG org.hibernate.SQL - 
    insert 
    into
        clients
        (created_at, email, name, phone) 
    values
        (?, ?, ?, ?)
2026-03-23 10:03:05.890 [http-nio-8080-exec-1] INFO  b.c.d.m.service.ClientService - Cliente criado com ID: 1
2026-03-23 10:03:28.184 [http-nio-8080-exec-2] INFO  b.c.d.m.service.ClientService - Buscando cliente por ID: 1
2026-03-23 10:03:28.193 [http-nio-8080-exec-2] DEBUG org.hibernate.SQL - 
    select
        ce1_0.id,
        ce1_0.created_at,
        ce1_0.email,
        ce1_0.name,
        ce1_0.phone 
    from
        clients ce1_0 
    where
        ce1_0.id=?
2026-03-23 10:03:33.704 [http-nio-8080-exec-3] INFO  b.c.d.m.service.ClientService - Listando clientes
2026-03-23 10:03:33.706 [http-nio-8080-exec-3] DEBUG org.hibernate.SQL - 
    select
        ce1_0.id,
        ce1_0.created_at,
        ce1_0.email,
        ce1_0.name,
        ce1_0.phone 
    from
        clients ce1_0 
    offset
        ? rows 
    fetch
        first ? rows only
2026-03-23 10:07:35.544 [http-nio-8080-exec-5] INFO  b.c.d.m.service.ClientService - Listando clientes
2026-03-23 10:07:35.545 [http-nio-8080-exec-5] DEBUG org.hibernate.SQL - 
    select
        ce1_0.id,
        ce1_0.created_at,
        ce1_0.email,
        ce1_0.name,
        ce1_0.phone 
    from
        clients ce1_0 
    offset
        ? rows 
    fetch
        first ? rows only
2026-03-23 10:07:35.741 [http-nio-8080-exec-6] INFO  b.c.d.m.service.ClientService - Listando clientes
2026-03-23 10:07:35.744 [http-nio-8080-exec-6] DEBUG org.hibernate.SQL - 
    select
        ce1_0.id,
        ce1_0.created_at,
        ce1_0.email,
        ce1_0.name,
        ce1_0.phone 
    from
        clients ce1_0 
    offset
        ? rows 
    fetch
        first ? rows only
2026-03-23 10:14:16.509 [http-nio-8080-exec-10] DEBUG org.hibernate.SQL - 
    select
        ae1_0.id,
        ae1_0.client_id,
        ae1_0.date_time,
        ae1_0.professional_id,
        ae1_0.service_id,
        ae1_0.status 
    from
        appointments ae1_0 
    where
        ae1_0.client_id=? 
    fetch
        first ? rows only
2026-03-23 10:16:52.983 [http-nio-8080-exec-3] INFO  b.c.d.m.service.ProfessionalService - Listando todos os profissionais ativos
2026-03-23 10:16:52.990 [http-nio-8080-exec-3] DEBUG org.hibernate.SQL - 
    select
        pe1_0.id,
        pe1_0.active,
        pe1_0.name,
        pe1_0.specialty 
    from
        professionals pe1_0 
    where
        pe1_0.active=true
2026-03-23 10:18:17.426 [http-nio-8080-exec-6] INFO  b.c.d.m.service.ProfessionalService - Criando novo profissional: Ana Paula
2026-03-23 10:18:17.427 [http-nio-8080-exec-6] DEBUG org.hibernate.SQL - 
    insert 
    into
        professionals
        (active, name, specialty) 
    values
        (?, ?, ?)
2026-03-23 10:18:17.433 [http-nio-8080-exec-6] INFO  b.c.d.m.service.ProfessionalService - Profissional criado com ID: 1
2026-03-23 10:18:33.435 [http-nio-8080-exec-7] INFO  b.c.d.m.service.ProfessionalService - Listando todos os profissionais ativos
2026-03-23 10:18:33.437 [http-nio-8080-exec-7] DEBUG org.hibernate.SQL - 
    select
        pe1_0.id,
        pe1_0.active,
        pe1_0.name,
        pe1_0.specialty 
    from
        professionals pe1_0 
    where
        pe1_0.active=true
2026-03-23 10:18:33.468 [http-nio-8080-exec-7] WARN  o.s.w.s.m.m.a.ExceptionHandlerExceptionResolver - Resolved [java.lang.ClassCastException: class jdk.proxy4.$Proxy191 cannot be cast to class br.com.davidds5.manicure_api.entity.ProfessionalEntity (jdk.proxy4.$Proxy191 is in module jdk.proxy4 of loader org.springframework.boot.devtools.restart.classloader.RestartClassLoader @23b823d2; br.com.davidds5.manicure_api.entity.ProfessionalEntity is in unnamed module of loader org.springframework.boot.devtools.restart.classloader.RestartClassLoader @23b823d2)]
2026-03-23 10:18:35.681 [http-nio-8080-exec-9] INFO  b.c.d.m.service.ProfessionalService - Listando todos os profissionais ativos
2026-03-23 10:18:35.682 [http-nio-8080-exec-9] DEBUG org.hibernate.SQL - 
    select
        pe1_0.id,
        pe1_0.active,
        pe1_0.name,
        pe1_0.specialty 
    from
        professionals pe1_0 
    where
        pe1_0.active=true
2026-03-23 10:18:35.688 [http-nio-8080-exec-9] WARN  o.s.w.s.m.m.a.ExceptionHandlerExceptionResolver - Resolved [java.lang.ClassCastException: class jdk.proxy4.$Proxy191 cannot be cast to class br.com.davidds5.manicure_api.entity.ProfessionalEntity (jdk.proxy4.$Proxy191 is in module jdk.proxy4 of loader org.springframework.boot.devtools.restart.classloader.RestartClassLoader @23b823d2; br.com.davidds5.manicure_api.entity.ProfessionalEntity is in unnamed module of loader org.springframework.boot.devtools.restart.classloader.RestartClassLoader @23b823d2)]
2026-03-23 10:18:55.054 [http-nio-8080-exec-1] INFO  b.c.d.m.service.ProfessionalService - Listando todos os profissionais ativos
2026-03-23 10:18:55.055 [http-nio-8080-exec-1] DEBUG org.hibernate.SQL - 
    select
        pe1_0.id,
        pe1_0.active,
        pe1_0.name,
        pe1_0.specialty 
    from
        professionals pe1_0 
    where
        pe1_0.active=true
2026-03-23 10:18:55.060 [http-nio-8080-exec-1] WARN  o.s.w.s.m.m.a.ExceptionHandlerExceptionResolver - Resolved [java.lang.ClassCastException: class jdk.proxy4.$Proxy191 cannot be cast to class br.com.davidds5.manicure_api.entity.ProfessionalEntity (jdk.proxy4.$Proxy191 is in module jdk.proxy4 of loader org.springframework.boot.devtools.restart.classloader.RestartClassLoader @23b823d2; br.com.davidds5.manicure_api.entity.ProfessionalEntity is in unnamed module of loader org.springframework.boot.devtools.restart.classloader.RestartClassLoader @23b823d2)]
2026-03-23 10:21:28.238 [http-nio-8080-exec-3] INFO  b.c.d.m.service.ProfessionalService - Listando todos os profissionais ativos
2026-03-23 10:21:28.239 [http-nio-8080-exec-3] DEBUG org.hibernate.SQL - 
    select
        pe1_0.id,
        pe1_0.active,
        pe1_0.name,
        pe1_0.specialty 
    from
        professionals pe1_0 
    where
        pe1_0.active=true
2026-03-23 10:21:28.245 [http-nio-8080-exec-3] WARN  o.s.w.s.m.m.a.ExceptionHandlerExceptionResolver - Resolved [java.lang.ClassCastException: class jdk.proxy4.$Proxy191 cannot be cast to class br.com.davidds5.manicure_api.entity.ProfessionalEntity (jdk.proxy4.$Proxy191 is in module jdk.proxy4 of loader org.springframework.boot.devtools.restart.classloader.RestartClassLoader @23b823d2; br.com.davidds5.manicure_api.entity.ProfessionalEntity is in unnamed module of loader org.springframework.boot.devtools.restart.classloader.RestartClassLoader @23b823d2)]
2026-03-23 10:31:11.077 [SpringApplicationShutdownHook] INFO  o.s.boot.tomcat.GracefulShutdown - Commencing graceful shutdown. Waiting for active requests to complete
2026-03-23 10:31:11.625 [tomcat-shutdown] INFO  o.s.boot.tomcat.GracefulShutdown - Graceful shutdown complete
2026-03-23 10:31:11.638 [SpringApplicationShutdownHook] INFO  o.s.o.j.LocalContainerEntityManagerFactoryBean - Closing JPA EntityManagerFactory for persistence unit 'default'
2026-03-23 10:31:11.660 [SpringApplicationShutdownHook] INFO  com.zaxxer.hikari.HikariDataSource - HikariPool-1 - Shutdown initiated...
2026-03-23 10:31:11.670 [SpringApplicationShutdownHook] INFO  com.zaxxer.hikari.HikariDataSource - HikariPool-1 - Shutdown completed.
2026-03-23 10:31:20.186 [restartedMain] INFO  b.c.d.m.ManicureApiApplication - Starting ManicureApiApplication using Java 21.0.10 with PID 39904 (C:\manicure-api\manicure-api\target\classes started by davis in C:\manicure-api)
2026-03-23 10:31:20.190 [restartedMain] DEBUG b.c.d.m.ManicureApiApplication - Running with Spring Boot v4.0.3, Spring v7.0.5
2026-03-23 10:31:20.192 [restartedMain] INFO  b.c.d.m.ManicureApiApplication - No active profile set, falling back to 1 default profile: "default"
2026-03-23 10:31:20.281 [restartedMain] INFO  o.s.b.d.e.DevToolsPropertyDefaultsPostProcessor - Devtools property defaults active! Set 'spring.devtools.add-properties' to 'false' to disable
2026-03-23 10:31:20.282 [restartedMain] INFO  o.s.b.d.e.DevToolsPropertyDefaultsPostProcessor - For additional web related logging consider setting the 'logging.level.web' property to 'DEBUG'
2026-03-23 10:31:20.951 [background-preinit] INFO  o.h.validator.internal.util.Version - HV000001: Hibernate Validator 9.0.1.Final
2026-03-23 10:31:21.685 [restartedMain] INFO  o.s.d.r.c.RepositoryConfigurationDelegate - Bootstrapping Spring Data JPA repositories in DEFAULT mode.
2026-03-23 10:31:21.804 [restartedMain] INFO  o.s.d.r.c.RepositoryConfigurationDelegate - Finished Spring Data repository scanning in 103 ms. Found 10 JPA repository interfaces.
2026-03-23 10:31:22.918 [restartedMain] INFO  o.s.boot.tomcat.TomcatWebServer - Tomcat initialized with port 8080 (http)
2026-03-23 10:31:22.945 [restartedMain] INFO  o.a.coyote.http11.Http11NioProtocol - Initializing ProtocolHandler ["http-nio-8080"]
2026-03-23 10:31:22.951 [restartedMain] INFO  o.a.catalina.core.StandardService - Starting service [Tomcat]
2026-03-23 10:31:22.951 [restartedMain] INFO  o.a.catalina.core.StandardEngine - Starting Servlet engine: [Apache Tomcat/11.0.18]
2026-03-23 10:31:23.050 [restartedMain] INFO  o.s.b.w.c.s.WebApplicationContextInitializer - Root WebApplicationContext: initialization completed in 2767 ms
2026-03-23 10:31:23.544 [restartedMain] INFO  com.zaxxer.hikari.HikariDataSource - HikariPool-1 - Starting...
2026-03-23 10:31:23.989 [restartedMain] INFO  com.zaxxer.hikari.pool.HikariPool - HikariPool-1 - Added connection org.postgresql.jdbc.PgConnection@48412a48
2026-03-23 10:31:23.993 [restartedMain] INFO  com.zaxxer.hikari.HikariDataSource - HikariPool-1 - Start completed.
2026-03-23 10:31:24.037 [restartedMain] INFO  org.flywaydb.core.FlywayExecutor - Database: jdbc:postgresql://localhost:5432/manicure_db (PostgreSQL 16.13)
2026-03-23 10:31:24.135 [restartedMain] INFO  o.f.core.internal.command.DbValidate - Successfully validated 6 migrations (execution time 00:00.057s)
2026-03-23 10:31:24.319 [restartedMain] INFO  o.f.core.internal.command.DbMigrate - Current version of schema "public": 6
2026-03-23 10:31:24.326 [restartedMain] INFO  o.f.core.internal.command.DbMigrate - Schema "public" is up to date. No migration necessary.
2026-03-23 10:31:24.519 [restartedMain] INFO  org.hibernate.orm.jpa - HHH008540: Processing PersistenceUnitInfo [name: default]
2026-03-23 10:31:24.682 [restartedMain] INFO  org.hibernate.orm.core - HHH000001: Hibernate ORM core version 7.2.4.Final
2026-03-23 10:31:25.609 [restartedMain] INFO  o.s.o.j.p.SpringPersistenceUnitInfo - No LoadTimeWeaver setup: ignoring JPA class transformer
2026-03-23 10:31:25.718 [restartedMain] WARN  org.hibernate.orm.deprecation - HHH90000025: PostgreSQLDialect does not need to be specified explicitly using 'hibernate.dialect' (remove the property setting and it will be selected by default)
2026-03-23 10:31:25.748 [restartedMain] INFO  o.hibernate.orm.connections.pooling - HHH10001005: Database info:
	Database JDBC URL [jdbc:postgresql://localhost:5432/manicure_db]
	Database driver: PostgreSQL JDBC Driver
	Database dialect: PostgreSQLDialect
	Database version: 16.13
	Default catalog/schema: manicure_db/public
	Autocommit mode: undefined/unknown
	Isolation level: READ_COMMITTED [default READ_COMMITTED]
	JDBC fetch size: none
	Pool: DataSourceConnectionProvider
	Minimum pool size: undefined/unknown
	Maximum pool size: undefined/unknown
2026-03-23 10:31:27.242 [restartedMain] INFO  org.hibernate.orm.core - HHH000489: No JTA platform available (set 'hibernate.transaction.jta.platform' to enable JTA platform integration)
2026-03-23 10:31:27.303 [restartedMain] INFO  o.s.o.j.LocalContainerEntityManagerFactoryBean - Initialized JPA EntityManagerFactory for persistence unit 'default'
2026-03-23 10:31:27.431 [restartedMain] INFO  o.s.d.j.r.q.QueryEnhancerFactories - Hibernate is in classpath; If applicable, HQL parser will be used.
2026-03-23 10:31:28.729 [restartedMain] WARN  o.s.b.j.a.JpaBaseConfiguration$JpaWebConfiguration - spring.jpa.open-in-view is enabled by default. Therefore, database queries may be performed during view rendering. Explicitly configure spring.jpa.open-in-view to disable this warning
2026-03-23 10:31:29.620 [restartedMain] INFO  o.a.coyote.http11.Http11NioProtocol - Starting ProtocolHandler ["http-nio-8080"]
2026-03-23 10:31:29.677 [restartedMain] INFO  o.s.boot.tomcat.TomcatWebServer - Tomcat started on port 8080 (http) with context path '/'
2026-03-23 10:31:29.684 [restartedMain] INFO  b.c.d.m.ManicureApiApplication - Started ManicureApiApplication in 10.453 seconds (process running for 11.44)
2026-03-23 10:56:56.002 [HikariPool-1:housekeeper] WARN  com.zaxxer.hikari.pool.HikariPool - HikariPool-1 - Thread starvation or clock leap detected (housekeeper delta=10m1s840ms710µs500ns).
2026-03-23 14:58:19.000 [HikariPool-1:housekeeper] WARN  com.zaxxer.hikari.pool.HikariPool - HikariPool-1 - Thread starvation or clock leap detected (housekeeper delta=3h22s179ms729µs300ns).
2026-03-23 23:26:16.353 [HikariPool-1:housekeeper] WARN  com.zaxxer.hikari.pool.HikariPool - HikariPool-1 - Thread starvation or clock leap detected (housekeeper delta=8h28m1s170ms63µs800ns).
