2026-03-24 23:21:33.281 [main] INFO  b.c.d.m.ManicureApiApplicationTests - Starting ManicureApiApplicationTests using Java 21.0.10 with PID 32920 (started by davis in C:\manicure-api\manicure-api)
2026-03-24 23:21:33.292 [main] DEBUG b.c.d.m.ManicureApiApplicationTests - Running with Spring Boot v4.0.3, Spring v7.0.5
2026-03-24 23:21:33.294 [main] INFO  b.c.d.m.ManicureApiApplicationTests - No active profile set, falling back to 1 default profile: "default"
2026-03-24 23:21:34.924 [main] INFO  o.s.d.r.c.RepositoryConfigurationDelegate - Bootstrapping Spring Data JPA repositories in DEFAULT mode.
2026-03-24 23:21:35.095 [main] INFO  o.s.d.r.c.RepositoryConfigurationDelegate - Finished Spring Data repository scanning in 147 ms. Found 10 JPA repository interfaces.
2026-03-24 23:21:36.139 [main] INFO  com.zaxxer.hikari.HikariDataSource - HikariPool-1 - Starting...
2026-03-24 23:21:36.989 [main] INFO  com.zaxxer.hikari.pool.HikariPool - HikariPool-1 - Added connection org.postgresql.jdbc.PgConnection@598f6c93
2026-03-24 23:21:36.993 [main] INFO  com.zaxxer.hikari.HikariDataSource - HikariPool-1 - Start completed.
2026-03-24 23:21:37.048 [main] INFO  org.flywaydb.core.FlywayExecutor - Database: jdbc:postgresql://localhost:5432/manicure_db (PostgreSQL 16.13)
2026-03-24 23:21:37.201 [main] INFO  o.f.core.internal.command.DbValidate - Successfully validated 6 migrations (execution time 00:00.091s)
2026-03-24 23:21:37.646 [main] INFO  o.f.core.internal.command.DbMigrate - Current version of schema "public": 6
2026-03-24 23:21:37.653 [main] INFO  o.f.core.internal.command.DbMigrate - Schema "public" is up to date. No migration necessary.
2026-03-24 23:21:37.911 [main] INFO  org.hibernate.orm.jpa - HHH008540: Processing PersistenceUnitInfo [name: default]
2026-03-24 23:21:38.142 [main] INFO  org.hibernate.orm.core - HHH000001: Hibernate ORM core version 7.2.4.Final
2026-03-24 23:21:39.112 [main] INFO  o.s.o.j.p.SpringPersistenceUnitInfo - No LoadTimeWeaver setup: ignoring JPA class transformer
2026-03-24 23:21:39.282 [main] WARN  org.hibernate.orm.deprecation - HHH90000025: PostgreSQLDialect does not need to be specified explicitly using 'hibernate.dialect' (remove the property setting and it will be selected by default)
2026-03-24 23:21:39.328 [main] INFO  o.hibernate.orm.connections.pooling - HHH10001005: Database info:
	Database JDBC URL [jdbc:postgresql://localhost:5432/manicure_db]
	Database driver: PostgreSQL JDBC Driver
	Database dialect: PostgreSQLDialect
	Database version: 16.13
	Default catalog/schema: manicure_db/public
	Autocommit mode: undefined/unknown
	Isolation level: READ_COMMITTED [default READ_COMMITTED]
	JDBC fetch size: none
	Pool: DataSourceConnectionProvider
	Minimum pool size: undefined/unknown
	Maximum pool size: undefined/unknown
2026-03-24 23:21:41.272 [main] INFO  org.hibernate.orm.core - HHH000489: No JTA platform available (set 'hibernate.transaction.jta.platform' to enable JTA platform integration)
2026-03-24 23:21:41.377 [main] INFO  o.s.o.j.LocalContainerEntityManagerFactoryBean - Initialized JPA EntityManagerFactory for persistence unit 'default'
2026-03-24 23:21:41.612 [main] INFO  o.s.d.j.r.q.QueryEnhancerFactories - Hibernate is in classpath; If applicable, HQL parser will be used.
2026-03-24 23:21:44.050 [main] WARN  o.s.b.j.a.JpaBaseConfiguration$JpaWebConfiguration - spring.jpa.open-in-view is enabled by default. Therefore, database queries may be performed during view rendering. Explicitly configure spring.jpa.open-in-view to disable this warning
2026-03-24 23:21:45.075 [main] INFO  b.c.d.m.ManicureApiApplicationTests - Started ManicureApiApplicationTests in 12.771 seconds (process running for 23.334)
2026-03-24 23:21:45.764 [main] INFO  b.c.d.m.service.AppointmentService - Criando agendamento
2026-03-24 23:21:45.812 [main] INFO  b.c.d.m.service.AppointmentService - Criando agendamento
2026-03-24 23:21:45.820 [main] INFO  b.c.d.m.service.AppointmentService - Criando agendamento
2026-03-24 23:21:45.893 [main] INFO  b.c.d.m.service.ClientService - Criando novo cliente: maria@email.com
2026-03-24 23:21:45.900 [main] INFO  b.c.d.m.service.ClientService - Buscando cliente por ID: 999
2026-03-24 23:21:45.908 [main] INFO  b.c.d.m.service.ClientService - Criando novo cliente: maria@email.com
2026-03-24 23:21:45.908 [main] INFO  b.c.d.m.service.ClientService - Cliente criado com ID: 1
2026-03-24 23:21:45.914 [main] INFO  b.c.d.m.service.ClientService - Buscando cliente por ID: 1
2026-03-24 23:21:45.995 [main] INFO  b.c.d.m.service.ProfessionalService - Criando novo profissional: Ana Lopes
2026-03-24 23:21:45.995 [main] INFO  b.c.d.m.service.ProfessionalService - Profissional criado com ID: 1
2026-03-24 23:21:46.006 [main] INFO  b.c.d.m.service.ProfessionalService - Buscando profissional por ID: 99
2026-03-24 23:21:46.014 [main] INFO  b.c.d.m.service.ProfessionalService - Buscando profissional por ID: 1
2026-03-24 23:21:46.027 [main] INFO  b.c.d.m.service.ProfessionalService - Listando todos os profissionais ativos
2026-03-24 23:21:46.070 [SpringApplicationShutdownHook] INFO  o.s.o.j.LocalContainerEntityManagerFactoryBean - Closing JPA EntityManagerFactory for persistence unit 'default'
2026-03-24 23:21:46.076 [SpringApplicationShutdownHook] INFO  com.zaxxer.hikari.HikariDataSource - HikariPool-1 - Shutdown initiated...
2026-03-24 23:21:46.093 [SpringApplicationShutdownHook] INFO  com.zaxxer.hikari.HikariDataSource - HikariPool-1 - Shutdown completed.
